This file contains any messages produced by compilers while
running configure, to aid debugging if configure makes a mistake.

It was created by libcbio configure 0.0.1, which was
generated by GNU Autoconf 2.69.  Invocation command line was

  $ ./configure 

## --------- ##
## Platform. ##
## --------- ##

hostname = gpvoshol-ThinkPad-P70
uname -m = x86_64
uname -r = 5.0.0-27-generic
uname -s = Linux
uname -v = #28-Ubuntu SMP Tue Aug 20 19:53:07 UTC 2019

/usr/bin/uname -p = x86_64
/bin/uname -X     = unknown

/bin/arch              = x86_64
/usr/bin/arch -k       = unknown
/usr/convex/getsysinfo = unknown
/usr/bin/hostinfo      = unknown
/bin/machine           = unknown
/usr/bin/oslevel       = unknown
/bin/universe          = unknown

PATH: /home/linuxbrew/.linuxbrew/bin
PATH: /home/linuxbrew/.linuxbrew/sbin
PATH: /opt/sublime_merge/
PATH: /usr/local/sbin
PATH: /usr/local/bin
PATH: /usr/sbin
PATH: /usr/bin
PATH: /sbin
PATH: /bin
PATH: /usr/games
PATH: /usr/local/games
PATH: /snap/bin


## ----------- ##
## Core tests. ##
## ----------- ##

configure:2579: checking for gawk
configure:2595: found /usr/bin/gawk
configure:2606: result: gawk
configure:2671: checking for icc
configure:2701: result: no
configure:2671: checking for gcc
configure:2687: found /home/linuxbrew/.linuxbrew/bin/gcc
configure:2698: result: gcc
configure:2729: checking for C compiler version
configure:2738: gcc --version >&5
gcc (Homebrew gcc 5.5.0_4) 5.5.0
Copyright (C) 2015 Free Software Foundation, Inc.
This is free software; see the source for copying conditions.  There is NO
warranty; not even for MERCHANTABILITY or FITNESS FOR A PARTICULAR PURPOSE.

configure:2749: $? = 0
configure:2738: gcc -v >&5
Reading specs from /home/linuxbrew/.linuxbrew/Cellar/gcc/5.5.0_4/lib/gcc/x86_64-unknown-linux-gnu/5.5.0/specs
COLLECT_GCC=gcc
COLLECT_LTO_WRAPPER=/home/linuxbrew/.linuxbrew/Cellar/gcc/5.5.0_4/libexec/gcc/x86_64-unknown-linux-gnu/5.5.0/lto-wrapper
Target: x86_64-unknown-linux-gnu
Configured with: ../configure --with-isl=/home/linuxbrew/.linuxbrew/opt/isl@0.18 --with-bugurl=https://github.com/Linuxbrew/homebrew-core/issues --prefix=/home/linuxbrew/.linuxbrew/Cellar/gcc/5.5.0_4 --enable-languages=c,c++,objc,obj-c++,fortran --program-suffix=-5 --with-gmp=/home/linuxbrew/.linuxbrew/opt/gmp --with-mpfr=/home/linuxbrew/.linuxbrew/opt/mpfr --with-mpc=/home/linuxbrew/.linuxbrew/opt/libmpc --enable-stage1-checking --enable-checking=release --enable-lto --with-build-config=bootstrap-debug --disable-werror --with-pkgversion='Homebrew gcc 5.5.0_4' --with-boot-ldflags='-static-libstdc++ -static-libgcc ' --disable-nls --disable-multilib
Thread model: posix
gcc version 5.5.0 (Homebrew gcc 5.5.0_4) 
configure:2749: $? = 0
configure:2738: gcc -V >&5
gcc: error: unrecognized command line option '-V'
gcc: fatal error: no input files
compilation terminated.
configure:2749: $? = 1
configure:2738: gcc -qversion >&5
gcc: error: unrecognized command line option '-qversion'
gcc: fatal error: no input files
compilation terminated.
configure:2749: $? = 1
configure:2769: checking whether the C compiler works
configure:2791: gcc     conftest.c  >&5
configure:2795: $? = 0
configure:2843: result: yes
configure:2846: checking for C compiler default output file name
configure:2848: result: a.out
configure:2854: checking for suffix of executables
configure:2861: gcc -o conftest     conftest.c  >&5
configure:2865: $? = 0
configure:2887: result: 
configure:2909: checking whether we are cross compiling
configure:2917: gcc -o conftest     conftest.c  >&5
configure:2921: $? = 0
configure:2928: ./conftest
configure:2932: $? = 0
configure:2920: result: no
configure:2925: checking for suffix of object files
configure:2947: gcc -c    conftest.c >&5
configure:2951: $? = 0
configure:2972: result: o
configure:2976: checking whether we are using the GNU C compiler
configure:2995: gcc -c    conftest.c >&5
configure:2995: $? = 0
configure:3004: result: yes
configure:3013: checking whether gcc accepts -g
configure:3033: gcc -c -g  conftest.c >&5
configure:3033: $? = 0
configure:3074: result: yes
configure:3091: checking for gcc option to accept ISO C89
configure:3154: gcc  -c    conftest.c >&5
configure:3154: $? = 0
configure:3167: result: none needed
configure:3224: checking whether gcc understands -c and -o together
configure:3246: gcc -c conftest.c -o conftest2.o
configure:3249: $? = 0
configure:3246: gcc -c conftest.c -o conftest2.o
configure:3249: $? = 0
configure:3261: result: yes
configure:3336: checking for icpc
configure:3366: result: no
configure:3336: checking for g++
configure:3352: found /home/linuxbrew/.linuxbrew/bin/g++
configure:3363: result: g++
configure:3390: checking for C++ compiler version
configure:3399: g++ --version >&5
g++ (Homebrew gcc 5.5.0_4) 5.5.0
Copyright (C) 2015 Free Software Foundation, Inc.
This is free software; see the source for copying conditions.  There is NO
warranty; not even for MERCHANTABILITY or FITNESS FOR A PARTICULAR PURPOSE.

configure:3410: $? = 0
configure:3399: g++ -v >&5
Reading specs from /home/linuxbrew/.linuxbrew/Cellar/gcc/5.5.0_4/lib/gcc/x86_64-unknown-linux-gnu/5.5.0/specs
COLLECT_GCC=g++
COLLECT_LTO_WRAPPER=/home/linuxbrew/.linuxbrew/Cellar/gcc/5.5.0_4/libexec/gcc/x86_64-unknown-linux-gnu/5.5.0/lto-wrapper
Target: x86_64-unknown-linux-gnu
Configured with: ../configure --with-isl=/home/linuxbrew/.linuxbrew/opt/isl@0.18 --with-bugurl=https://github.com/Linuxbrew/homebrew-core/issues --prefix=/home/linuxbrew/.linuxbrew/Cellar/gcc/5.5.0_4 --enable-languages=c,c++,objc,obj-c++,fortran --program-suffix=-5 --with-gmp=/home/linuxbrew/.linuxbrew/opt/gmp --with-mpfr=/home/linuxbrew/.linuxbrew/opt/mpfr --with-mpc=/home/linuxbrew/.linuxbrew/opt/libmpc --enable-stage1-checking --enable-checking=release --enable-lto --with-build-config=bootstrap-debug --disable-werror --with-pkgversion='Homebrew gcc 5.5.0_4' --with-boot-ldflags='-static-libstdc++ -static-libgcc ' --disable-nls --disable-multilib
Thread model: posix
gcc version 5.5.0 (Homebrew gcc 5.5.0_4) 
configure:3410: $? = 0
configure:3399: g++ -V >&5
g++: error: unrecognized command line option '-V'
g++: fatal error: no input files
compilation terminated.
configure:3410: $? = 1
configure:3399: g++ -qversion >&5
g++: error: unrecognized command line option '-qversion'
g++: fatal error: no input files
compilation terminated.
configure:3410: $? = 1
configure:3414: checking whether we are using the GNU C++ compiler
configure:3433: g++ -c   conftest.cpp >&5
configure:3433: $? = 0
configure:3442: result: yes
configure:3451: checking whether g++ accepts -g
configure:3471: g++ -c -g  conftest.cpp >&5
configure:3471: $? = 0
configure:3512: result: yes
configure:3540: checking how to run the C preprocessor
configure:3571: gcc -E  conftest.c
configure:3571: $? = 0
configure:3585: gcc -E  conftest.c
conftest.c:9:28: fatal error: ac_nonexistent.h: No such file or directory
compilation terminated.
configure:3585: $? = 1
configure: failed program was:
| /* confdefs.h */
| #define PACKAGE_NAME "libcbio"
| #define PACKAGE_TARNAME "libcbio"
| #define PACKAGE_VERSION "0.0.1"
| #define PACKAGE_STRING "libcbio 0.0.1"
| #define PACKAGE_BUGREPORT "contact@gerbenvoshol.nl"
| #define PACKAGE_URL "http://www.gerbenvoshol.nl/"
| /* end confdefs.h.  */
| #include <ac_nonexistent.h>
configure:3610: result: gcc -E
configure:3630: gcc -E  conftest.c
configure:3630: $? = 0
configure:3644: gcc -E  conftest.c
conftest.c:9:28: fatal error: ac_nonexistent.h: No such file or directory
compilation terminated.
configure:3644: $? = 1
configure: failed program was:
| /* confdefs.h */
| #define PACKAGE_NAME "libcbio"
| #define PACKAGE_TARNAME "libcbio"
| #define PACKAGE_VERSION "0.0.1"
| #define PACKAGE_STRING "libcbio 0.0.1"
| #define PACKAGE_BUGREPORT "contact@gerbenvoshol.nl"
| #define PACKAGE_URL "http://www.gerbenvoshol.nl/"
| /* end confdefs.h.  */
| #include <ac_nonexistent.h>
configure:3686: checking for a BSD-compatible install
configure:3754: result: /usr/bin/install -c
configure:3765: checking whether ln -s works
configure:3769: result: yes
configure:3776: checking whether make sets $(MAKE)
configure:3798: result: yes
configure:3807: checking for a thread-safe mkdir -p
configure:3846: result: /usr/bin/mkdir -p
configure:3852: checking whether build environment is sane
configure:3907: result: yes
configure:4066: checking whether make supports the include directive
configure:4081: make -f confmf.GNU && cat confinc.out
this is the am__doit target
configure:4084: $? = 0
configure:4103: result: yes (GNU style)
configure:4136: checking whether make supports nested variables
configure:4153: result: yes
configure:4238: checking dependency style of gcc
configure:4349: result: gcc3
configure:4366: checking dependency style of g++
configure:4477: result: gcc3
configure:4566: checking build system type
configure:4580: result: x86_64-pc-linux-gnu
configure:4600: checking host system type
configure:4613: result: x86_64-pc-linux-gnu
configure:4654: checking how to print strings
configure:4681: result: printf
configure:4702: checking for a sed that does not truncate output
configure:4766: result: /usr/bin/sed
configure:4784: checking for grep that handles long lines and -e
configure:4842: result: /usr/bin/grep
configure:4847: checking for egrep
configure:4909: result: /usr/bin/grep -E
configure:4914: checking for fgrep
configure:4976: result: /usr/bin/grep -F
configure:5011: checking for ld used by gcc
configure:5078: result: /usr/bin/ld
configure:5085: checking if the linker (/usr/bin/ld) is GNU ld
configure:5100: result: yes
configure:5112: checking for BSD- or MS-compatible name lister (nm)
configure:5166: result: /usr/bin/nm -B
configure:5296: checking the name lister (/usr/bin/nm -B) interface
configure:5303: gcc -c    conftest.c >&5
configure:5306: /usr/bin/nm -B "conftest.o"
configure:5309: output
0000000000000000 B some_variable
configure:5310: result: BSD nm
configure:5314: checking the maximum length of command line arguments
configure:5445: result: 1572864
configure:5493: checking how to convert x86_64-pc-linux-gnu file names to x86_64-pc-linux-gnu format
configure:5533: result: func_convert_file_noop
configure:5540: checking how to convert x86_64-pc-linux-gnu file names to toolchain format
configure:5560: result: func_convert_file_noop
configure:5567: checking for /usr/bin/ld option to reload object files
configure:5574: result: -r
configure:5648: checking for objdump
configure:5664: found /usr/bin/objdump
configure:5675: result: objdump
configure:5707: checking how to recognize dependent libraries
configure:5907: result: pass_all
configure:5992: checking for dlltool
configure:6022: result: no
configure:6052: checking how to associate runtime and link libraries
configure:6079: result: printf %s\n
configure:6140: checking for ar
configure:6156: found /usr/bin/ar
configure:6167: result: ar
configure:6204: checking for archiver @FILE support
configure:6221: gcc -c    conftest.c >&5
configure:6221: $? = 0
configure:6224: ar cru libconftest.a @conftest.lst >&5
ar: `u' modifier ignored since `D' is the default (see `U')
configure:6227: $? = 0
configure:6232: ar cru libconftest.a @conftest.lst >&5
ar: `u' modifier ignored since `D' is the default (see `U')
ar: conftest.o: No such file or directory
configure:6235: $? = 1
configure:6234: result: @
configure:6292: checking for strip
configure:6308: found /usr/bin/strip
configure:6319: result: strip
configure:6391: checking for ranlib
configure:6407: found /usr/bin/ranlib
configure:6418: result: ranlib
configure:6520: checking command to parse /usr/bin/nm -B output from gcc object
configure:6673: gcc -c    conftest.c >&5
configure:6676: $? = 0
configure:6680: /usr/bin/nm -B conftest.o | sed -n -e 's/^.*[	 ]\([ABCDGIRSTW][ABCDGIRSTW]*\)[	 ][	 ]*\([_A-Za-z][_A-Za-z0-9]*\)$/\1 \2 \2/p' | sed '/ __gnu_lto/d' > conftest.nm
configure:6746: gcc -o conftest     conftest.c conftstm.o >&5
configure:6749: $? = 0
configure:6787: result: ok
configure:6834: checking for sysroot
configure:6864: result: no
configure:6871: checking for a working dd
configure:6909: result: /usr/bin/dd
configure:6913: checking how to truncate binary pipes
configure:6928: result: /usr/bin/dd bs=4096 count=1
configure:7064: gcc -c    conftest.c >&5
configure:7067: $? = 0
configure:7257: checking for mt
configure:7273: found /usr/bin/mt
configure:7284: result: mt
configure:7307: checking if mt is a manifest tool
configure:7313: mt '-?'
configure:7321: result: no
configure:7994: checking for ANSI C header files
configure:8014: gcc -c    conftest.c >&5
configure:8014: $? = 0
configure:8087: gcc -o conftest     conftest.c  >&5
configure:8087: $? = 0
configure:8087: ./conftest
configure:8087: $? = 0
configure:8098: result: yes
configure:8111: checking for sys/types.h
configure:8111: gcc -c    conftest.c >&5
configure:8111: $? = 0
configure:8111: result: yes
configure:8111: checking for sys/stat.h
configure:8111: gcc -c    conftest.c >&5
configure:8111: $? = 0
configure:8111: result: yes
configure:8111: checking for stdlib.h
configure:8111: gcc -c    conftest.c >&5
configure:8111: $? = 0
configure:8111: result: yes
configure:8111: checking for string.h
configure:8111: gcc -c    conftest.c >&5
configure:8111: $? = 0
configure:8111: result: yes
configure:8111: checking for memory.h
configure:8111: gcc -c    conftest.c >&5
configure:8111: $? = 0
configure:8111: result: yes
configure:8111: checking for strings.h
configure:8111: gcc -c    conftest.c >&5
configure:8111: $? = 0
configure:8111: result: yes
configure:8111: checking for inttypes.h
configure:8111: gcc -c    conftest.c >&5
configure:8111: $? = 0
configure:8111: result: yes
configure:8111: checking for stdint.h
configure:8111: gcc -c    conftest.c >&5
configure:8111: $? = 0
configure:8111: result: yes
configure:8111: checking for unistd.h
configure:8111: gcc -c    conftest.c >&5
configure:8111: $? = 0
configure:8111: result: yes
configure:8125: checking for dlfcn.h
configure:8125: gcc -c    conftest.c >&5
configure:8125: $? = 0
configure:8125: result: yes
configure:8392: checking for objdir
configure:8407: result: .libs
configure:8671: checking if gcc supports -fno-rtti -fno-exceptions
configure:8689: gcc -c    -fno-rtti -fno-exceptions conftest.c >&5
cc1: warning: command line option '-fno-rtti' is valid for C++/ObjC++ but not for C
configure:8693: $? = 0
configure:8706: result: no
configure:9070: checking for gcc option to produce PIC
configure:9077: result: -fPIC -DPIC
configure:9085: checking if gcc PIC flag -fPIC -DPIC works
configure:9103: gcc -c    -fPIC -DPIC -DPIC conftest.c >&5
configure:9107: $? = 0
configure:9120: result: yes
configure:9149: checking if gcc static flag -static works
configure:9177: result: yes
configure:9192: checking if gcc supports -c -o file.o
configure:9213: gcc -c    -o out/conftest2.o conftest.c >&5
configure:9217: $? = 0
configure:9239: result: yes
configure:9247: checking if gcc supports -c -o file.o
configure:9294: result: yes
configure:9327: checking whether the gcc linker (/usr/bin/ld -m elf_x86_64) supports shared libraries
configure:10590: result: yes
configure:10627: checking whether -lc should be explicitly linked in
configure:10635: gcc -c    conftest.c >&5
configure:10638: $? = 0
configure:10653: gcc -shared  -fPIC -DPIC conftest.o  -v -Wl,-soname -Wl,conftest -o conftest 2\>\&1 \| /usr/bin/grep  -lc  \>/dev/null 2\>\&1
configure:10656: $? = 0
configure:10670: result: no
configure:10830: checking dynamic linker characteristics
configure:11411: gcc -o conftest     -Wl,-rpath -Wl,/foo conftest.c  >&5
configure:11411: $? = 0
configure:11660: result: GNU/Linux ld.so
configure:11782: checking how to hardcode library paths into programs
configure:11807: result: immediate
configure:12355: checking whether stripping libraries is possible
configure:12360: result: yes
configure:12395: checking if libtool supports shared libraries
configure:12397: result: yes
configure:12400: checking whether to build shared libraries
configure:12425: result: yes
configure:12428: checking whether to build static libraries
configure:12432: result: yes
configure:9231: checking how to run the C++ preprocessor
configure:9258: g++ -E  conftest.cpp
configure:9258: $? = 0
configure:9272: g++ -E  conftest.cpp
conftest.cpp:23:28: fatal error: ac_nonexistent.h: No such file or directory
compilation terminated.
configure:9272: $? = 1
configure: failed program was:
| /* confdefs.h */
| #define PACKAGE_NAME "libcbio"
| #define PACKAGE_TARNAME "libcbio"
| #define PACKAGE_VERSION "0.0.1"
| #define PACKAGE_STRING "libcbio 0.0.1"
| #define PACKAGE_BUGREPORT "contact@gerbenvoshol.nl"
| #define PACKAGE_URL "http://www.gerbenvoshol.nl/"
| #define PACKAGE "libcbio"
| #define VERSION "0.0.1"
| #define STDC_HEADERS 1
| #define HAVE_SYS_TYPES_H 1
| #define HAVE_SYS_STAT_H 1
| #define HAVE_STDLIB_H 1
| #define HAVE_STRING_H 1
| #define HAVE_MEMORY_H 1
| #define HAVE_STRINGS_H 1
| #define HAVE_INTTYPES_H 1
| #define HAVE_STDINT_H 1
| #define HAVE_UNISTD_H 1
| #define HAVE_DLFCN_H 1
| #define LT_OBJDIR ".libs/"
| /* end confdefs.h.  */
| #include <ac_nonexistent.h>
configure:9297: result: g++ -E
configure:9317: g++ -E  conftest.cpp
configure:9317: $? = 0
configure:9331: g++ -E  conftest.cpp
conftest.cpp:23:28: fatal error: ac_nonexistent.h: No such file or directory
compilation terminated.
configure:9331: $? = 1
configure: failed program was:
| /* confdefs.h */
| #define PACKAGE_NAME "libcbio"
| #define PACKAGE_TARNAME "libcbio"
| #define PACKAGE_VERSION "0.0.1"
| #define PACKAGE_STRING "libcbio 0.0.1"
| #define PACKAGE_BUGREPORT "contact@gerbenvoshol.nl"
| #define PACKAGE_URL "http://www.gerbenvoshol.nl/"
| #define PACKAGE "libcbio"
| #define VERSION "0.0.1"
| #define STDC_HEADERS 1
| #define HAVE_SYS_TYPES_H 1
| #define HAVE_SYS_STAT_H 1
| #define HAVE_STDLIB_H 1
| #define HAVE_STRING_H 1
| #define HAVE_MEMORY_H 1
| #define HAVE_STRINGS_H 1
| #define HAVE_INTTYPES_H 1
| #define HAVE_STDINT_H 1
| #define HAVE_UNISTD_H 1
| #define HAVE_DLFCN_H 1
| #define LT_OBJDIR ".libs/"
| /* end confdefs.h.  */
| #include <ac_nonexistent.h>
configure:9493: checking for ld used by g++
configure:9560: result: /usr/bin/ld -m elf_x86_64
configure:9567: checking if the linker (/usr/bin/ld -m elf_x86_64) is GNU ld
configure:9582: result: yes
configure:9637: checking whether the g++ linker (/usr/bin/ld -m elf_x86_64) supports shared libraries
configure:10710: result: yes
configure:10746: g++ -c -g -O2  conftest.cpp >&5
configure:10749: $? = 0
configure:11230: checking for g++ option to produce PIC
configure:11237: result: -fPIC -DPIC
configure:11245: checking if g++ PIC flag -fPIC -DPIC works
configure:11263: g++ -c -g -O2  -fPIC -DPIC -DPIC conftest.cpp >&5
configure:11267: $? = 0
configure:11280: result: yes
configure:11303: checking if g++ static flag -static works
configure:11331: result: yes
configure:11343: checking if g++ supports -c -o file.o
configure:11364: g++ -c -g -O2  -o out/conftest2.o conftest.cpp >&5
configure:11368: $? = 0
configure:11390: result: yes
configure:11395: checking if g++ supports -c -o file.o
configure:11442: result: yes
configure:11472: checking whether the g++ linker (/usr/bin/ld -m elf_x86_64) supports shared libraries
configure:11515: result: yes
configure:11656: checking dynamic linker characteristics
configure:12413: result: GNU/Linux ld.so
configure:12478: checking how to hardcode library paths into programs
configure:12503: result: immediate
configure:12151: checking for X
configure:12259: gcc -E  conftest.c
configure:12259: $? = 0
configure:12290: gcc -o conftest   -O2   conftest.c -lX11  >&5
configure:12290: $? = 0
configure:12340: result: libraries , headers 
configure:12439: gcc -o conftest   -O2   conftest.c   -lX11 >&5
configure:12439: $? = 0
configure:12537: checking for gethostbyname
configure:12537: gcc -o conftest   -O2   conftest.c  >&5
configure:12537: $? = 0
configure:12537: result: yes
configure:12634: checking for connect
configure:12634: gcc -o conftest   -O2   conftest.c  >&5
configure:12634: $? = 0
configure:12634: result: yes
configure:12683: checking for remove
configure:12683: gcc -o conftest   -O2   conftest.c  >&5
configure:12683: $? = 0
configure:12683: result: yes
configure:12732: checking for shmat
configure:12732: gcc -o conftest   -O2   conftest.c  >&5
configure:12732: $? = 0
configure:12732: result: yes
configure:12790: checking for IceConnectionNumber in -lICE
configure:12815: gcc -o conftest   -O2   conftest.c -lICE   >&5
configure:12815: $? = 0
configure:12824: result: yes
configure:12837: checking for dirent.h that defines DIR
configure:12856: gcc -c   -O2  conftest.c >&5
configure:12856: $? = 0
configure:12864: result: yes
configure:12877: checking for library containing opendir
configure:12908: gcc -o conftest   -O2   conftest.c  >&5
configure:12908: $? = 0
configure:12925: result: none required
configure:12992: checking for ANSI C header files
configure:13096: result: yes
configure:13108: checking for unistd.h
configure:13108: result: yes
configure:13108: checking TargetConfig.h usability
configure:13108: gcc -c   -O2  conftest.c >&5
conftest.c:59:26: fatal error: TargetConfig.h: No such file or directory
compilation terminated.
configure:13108: $? = 1
configure: failed program was:
| /* confdefs.h */
| #define PACKAGE_NAME "libcbio"
| #define PACKAGE_TARNAME "libcbio"
| #define PACKAGE_VERSION "0.0.1"
| #define PACKAGE_STRING "libcbio 0.0.1"
| #define PACKAGE_BUGREPORT "contact@gerbenvoshol.nl"
| #define PACKAGE_URL "http://www.gerbenvoshol.nl/"
| #define PACKAGE "libcbio"
| #define VERSION "0.0.1"
| #define STDC_HEADERS 1
| #define HAVE_SYS_TYPES_H 1
| #define HAVE_SYS_STAT_H 1
| #define HAVE_STDLIB_H 1
| #define HAVE_STRING_H 1
| #define HAVE_MEMORY_H 1
| #define HAVE_STRINGS_H 1
| #define HAVE_INTTYPES_H 1
| #define HAVE_STDINT_H 1
| #define HAVE_UNISTD_H 1
| #define HAVE_DLFCN_H 1
| #define LT_OBJDIR ".libs/"
| #define HAVE_DIRENT_H 1
| #define STDC_HEADERS 1
| #define HAVE_UNISTD_H 1
| /* end confdefs.h.  */
| #include <stdio.h>
| #ifdef HAVE_SYS_TYPES_H
| # include <sys/types.h>
| #endif
| #ifdef HAVE_SYS_STAT_H
| # include <sys/stat.h>
| #endif
| #ifdef STDC_HEADERS
| # include <stdlib.h>
| # include <stddef.h>
| #else
| # ifdef HAVE_STDLIB_H
| #  include <stdlib.h>
| # endif
| #endif
| #ifdef HAVE_STRING_H
| # if !defined STDC_HEADERS && defined HAVE_MEMORY_H
| #  include <memory.h>
| # endif
| # include <string.h>
| #endif
| #ifdef HAVE_STRINGS_H
| # include <strings.h>
| #endif
| #ifdef HAVE_INTTYPES_H
| # include <inttypes.h>
| #endif
| #ifdef HAVE_STDINT_H
| # include <stdint.h>
| #endif
| #ifdef HAVE_UNISTD_H
| # include <unistd.h>
| #endif
| #include <TargetConfig.h>
configure:13108: result: no
configure:13108: checking TargetConfig.h presence
configure:13108: gcc -E  conftest.c
conftest.c:26:26: fatal error: TargetConfig.h: No such file or directory
compilation terminated.
configure:13108: $? = 1
configure: failed program was:
| /* confdefs.h */
| #define PACKAGE_NAME "libcbio"
| #define PACKAGE_TARNAME "libcbio"
| #define PACKAGE_VERSION "0.0.1"
| #define PACKAGE_STRING "libcbio 0.0.1"
| #define PACKAGE_BUGREPORT "contact@gerbenvoshol.nl"
| #define PACKAGE_URL "http://www.gerbenvoshol.nl/"
| #define PACKAGE "libcbio"
| #define VERSION "0.0.1"
| #define STDC_HEADERS 1
| #define HAVE_SYS_TYPES_H 1
| #define HAVE_SYS_STAT_H 1
| #define HAVE_STDLIB_H 1
| #define HAVE_STRING_H 1
| #define HAVE_MEMORY_H 1
| #define HAVE_STRINGS_H 1
| #define HAVE_INTTYPES_H 1
| #define HAVE_STDINT_H 1
| #define HAVE_UNISTD_H 1
| #define HAVE_DLFCN_H 1
| #define LT_OBJDIR ".libs/"
| #define HAVE_DIRENT_H 1
| #define STDC_HEADERS 1
| #define HAVE_UNISTD_H 1
| /* end confdefs.h.  */
| #include <TargetConfig.h>
configure:13108: result: no
configure:13108: checking for TargetConfig.h
configure:13108: result: no
configure:13121: checking whether byte ordering is bigendian
configure:13136: gcc -c   -O2  conftest.c >&5
conftest.c:27:9: error: unknown type name 'not'
         not a universal capable compiler
         ^
conftest.c:27:15: error: expected '=', ',', ';', 'asm' or '__attribute__' before 'universal'
         not a universal capable compiler
               ^
conftest.c:27:15: error: unknown type name 'universal'
configure:13136: $? = 1
configure: failed program was:
| /* confdefs.h */
| #define PACKAGE_NAME "libcbio"
| #define PACKAGE_TARNAME "libcbio"
| #define PACKAGE_VERSION "0.0.1"
| #define PACKAGE_STRING "libcbio 0.0.1"
| #define PACKAGE_BUGREPORT "contact@gerbenvoshol.nl"
| #define PACKAGE_URL "http://www.gerbenvoshol.nl/"
| #define PACKAGE "libcbio"
| #define VERSION "0.0.1"
| #define STDC_HEADERS 1
| #define HAVE_SYS_TYPES_H 1
| #define HAVE_SYS_STAT_H 1
| #define HAVE_STDLIB_H 1
| #define HAVE_STRING_H 1
| #define HAVE_MEMORY_H 1
| #define HAVE_STRINGS_H 1
| #define HAVE_INTTYPES_H 1
| #define HAVE_STDINT_H 1
| #define HAVE_UNISTD_H 1
| #define HAVE_DLFCN_H 1
| #define LT_OBJDIR ".libs/"
| #define HAVE_DIRENT_H 1
| #define STDC_HEADERS 1
| #define HAVE_UNISTD_H 1
| /* end confdefs.h.  */
| #ifndef __APPLE_CC__
| 	       not a universal capable compiler
| 	     #endif
| 	     typedef int dummy;
| 
configure:13181: gcc -c   -O2  conftest.c >&5
configure:13181: $? = 0
configure:13199: gcc -c   -O2  conftest.c >&5
conftest.c: In function 'main':
conftest.c:33:4: error: unknown type name 'not'
    not big endian
    ^
conftest.c:33:12: error: expected '=', ',', ';', 'asm' or '__attribute__' before 'endian'
    not big endian
            ^
configure:13199: $? = 1
configure: failed program was:
| /* confdefs.h */
| #define PACKAGE_NAME "libcbio"
| #define PACKAGE_TARNAME "libcbio"
| #define PACKAGE_VERSION "0.0.1"
| #define PACKAGE_STRING "libcbio 0.0.1"
| #define PACKAGE_BUGREPORT "contact@gerbenvoshol.nl"
| #define PACKAGE_URL "http://www.gerbenvoshol.nl/"
| #define PACKAGE "libcbio"
| #define VERSION "0.0.1"
| #define STDC_HEADERS 1
| #define HAVE_SYS_TYPES_H 1
| #define HAVE_SYS_STAT_H 1
| #define HAVE_STDLIB_H 1
| #define HAVE_STRING_H 1
| #define HAVE_MEMORY_H 1
| #define HAVE_STRINGS_H 1
| #define HAVE_INTTYPES_H 1
| #define HAVE_STDINT_H 1
| #define HAVE_UNISTD_H 1
| #define HAVE_DLFCN_H 1
| #define LT_OBJDIR ".libs/"
| #define HAVE_DIRENT_H 1
| #define STDC_HEADERS 1
| #define HAVE_UNISTD_H 1
| /* end confdefs.h.  */
| #include <sys/types.h>
| 		#include <sys/param.h>
| 
| int
| main ()
| {
| #if BYTE_ORDER != BIG_ENDIAN
| 		 not big endian
| 		#endif
| 
|   ;
|   return 0;
| }
configure:13327: result: no
configure:13345: checking for an ANSI C-conforming const
configure:13411: gcc -c   -O2  conftest.c >&5
configure:13411: $? = 0
configure:13418: result: yes
configure:13426: checking for inline
configure:13442: gcc -c   -O2  conftest.c >&5
configure:13442: $? = 0
configure:13450: result: inline
configure:13468: checking for pid_t
configure:13468: gcc -c   -O2  conftest.c >&5
configure:13468: $? = 0
configure:13468: gcc -c   -O2  conftest.c >&5
conftest.c: In function 'main':
conftest.c:62:20: error: expected expression before ')' token
 if (sizeof ((pid_t)))
                    ^
configure:13468: $? = 1
configure: failed program was:
| /* confdefs.h */
| #define PACKAGE_NAME "libcbio"
| #define PACKAGE_TARNAME "libcbio"
| #define PACKAGE_VERSION "0.0.1"
| #define PACKAGE_STRING "libcbio 0.0.1"
| #define PACKAGE_BUGREPORT "contact@gerbenvoshol.nl"
| #define PACKAGE_URL "http://www.gerbenvoshol.nl/"
| #define PACKAGE "libcbio"
| #define VERSION "0.0.1"
| #define STDC_HEADERS 1
| #define HAVE_SYS_TYPES_H 1
| #define HAVE_SYS_STAT_H 1
| #define HAVE_STDLIB_H 1
| #define HAVE_STRING_H 1
| #define HAVE_MEMORY_H 1
| #define HAVE_STRINGS_H 1
| #define HAVE_INTTYPES_H 1
| #define HAVE_STDINT_H 1
| #define HAVE_UNISTD_H 1
| #define HAVE_DLFCN_H 1
| #define LT_OBJDIR ".libs/"
| #define HAVE_DIRENT_H 1
| #define STDC_HEADERS 1
| #define HAVE_UNISTD_H 1
| /* end confdefs.h.  */
| #include <stdio.h>
| #ifdef HAVE_SYS_TYPES_H
| # include <sys/types.h>
| #endif
| #ifdef HAVE_SYS_STAT_H
| # include <sys/stat.h>
| #endif
| #ifdef STDC_HEADERS
| # include <stdlib.h>
| # include <stddef.h>
| #else
| # ifdef HAVE_STDLIB_H
| #  include <stdlib.h>
| # endif
| #endif
| #ifdef HAVE_STRING_H
| # if !defined STDC_HEADERS && defined HAVE_MEMORY_H
| #  include <memory.h>
| # endif
| # include <string.h>
| #endif
| #ifdef HAVE_STRINGS_H
| # include <strings.h>
| #endif
| #ifdef HAVE_INTTYPES_H
| # include <inttypes.h>
| #endif
| #ifdef HAVE_STDINT_H
| # include <stdint.h>
| #endif
| #ifdef HAVE_UNISTD_H
| # include <unistd.h>
| #endif
| int
| main ()
| {
| if (sizeof ((pid_t)))
| 	    return 0;
|   ;
|   return 0;
| }
configure:13468: result: yes
configure:13479: checking for size_t
configure:13479: gcc -c   -O2  conftest.c >&5
configure:13479: $? = 0
configure:13479: gcc -c   -O2  conftest.c >&5
conftest.c: In function 'main':
conftest.c:62:21: error: expected expression before ')' token
 if (sizeof ((size_t)))
                     ^
configure:13479: $? = 1
configure: failed program was:
| /* confdefs.h */
| #define PACKAGE_NAME "libcbio"
| #define PACKAGE_TARNAME "libcbio"
| #define PACKAGE_VERSION "0.0.1"
| #define PACKAGE_STRING "libcbio 0.0.1"
| #define PACKAGE_BUGREPORT "contact@gerbenvoshol.nl"
| #define PACKAGE_URL "http://www.gerbenvoshol.nl/"
| #define PACKAGE "libcbio"
| #define VERSION "0.0.1"
| #define STDC_HEADERS 1
| #define HAVE_SYS_TYPES_H 1
| #define HAVE_SYS_STAT_H 1
| #define HAVE_STDLIB_H 1
| #define HAVE_STRING_H 1
| #define HAVE_MEMORY_H 1
| #define HAVE_STRINGS_H 1
| #define HAVE_INTTYPES_H 1
| #define HAVE_STDINT_H 1
| #define HAVE_UNISTD_H 1
| #define HAVE_DLFCN_H 1
| #define LT_OBJDIR ".libs/"
| #define HAVE_DIRENT_H 1
| #define STDC_HEADERS 1
| #define HAVE_UNISTD_H 1
| /* end confdefs.h.  */
| #include <stdio.h>
| #ifdef HAVE_SYS_TYPES_H
| # include <sys/types.h>
| #endif
| #ifdef HAVE_SYS_STAT_H
| # include <sys/stat.h>
| #endif
| #ifdef STDC_HEADERS
| # include <stdlib.h>
| # include <stddef.h>
| #else
| # ifdef HAVE_STDLIB_H
| #  include <stdlib.h>
| # endif
| #endif
| #ifdef HAVE_STRING_H
| # if !defined STDC_HEADERS && defined HAVE_MEMORY_H
| #  include <memory.h>
| # endif
| # include <string.h>
| #endif
| #ifdef HAVE_STRINGS_H
| # include <strings.h>
| #endif
| #ifdef HAVE_INTTYPES_H
| # include <inttypes.h>
| #endif
| #ifdef HAVE_STDINT_H
| # include <stdint.h>
| #endif
| #ifdef HAVE_UNISTD_H
| # include <unistd.h>
| #endif
| int
| main ()
| {
| if (sizeof ((size_t)))
| 	    return 0;
|   ;
|   return 0;
| }
configure:13479: result: yes
configure:13490: checking whether struct tm is in sys/time.h or time.h
configure:13510: gcc -c   -O2  conftest.c >&5
configure:13510: $? = 0
configure:13517: result: time.h
configure:13528: checking whether getpgrp requires zero arguments
configure:13545: gcc -c   -O2  conftest.c >&5
conftest.c: In function 'main':
conftest.c:62:1: error: too many arguments to function 'getpgrp'
 getpgrp (0);
 ^
In file included from conftest.c:57:0:
/usr/include/unistd.h:634:16: note: declared here
 extern __pid_t getpgrp (void) __THROW;
                ^
configure:13545: $? = 1
configure: failed program was:
| /* confdefs.h */
| #define PACKAGE_NAME "libcbio"
| #define PACKAGE_TARNAME "libcbio"
| #define PACKAGE_VERSION "0.0.1"
| #define PACKAGE_STRING "libcbio 0.0.1"
| #define PACKAGE_BUGREPORT "contact@gerbenvoshol.nl"
| #define PACKAGE_URL "http://www.gerbenvoshol.nl/"
| #define PACKAGE "libcbio"
| #define VERSION "0.0.1"
| #define STDC_HEADERS 1
| #define HAVE_SYS_TYPES_H 1
| #define HAVE_SYS_STAT_H 1
| #define HAVE_STDLIB_H 1
| #define HAVE_STRING_H 1
| #define HAVE_MEMORY_H 1
| #define HAVE_STRINGS_H 1
| #define HAVE_INTTYPES_H 1
| #define HAVE_STDINT_H 1
| #define HAVE_UNISTD_H 1
| #define HAVE_DLFCN_H 1
| #define LT_OBJDIR ".libs/"
| #define HAVE_DIRENT_H 1
| #define STDC_HEADERS 1
| #define HAVE_UNISTD_H 1
| /* end confdefs.h.  */
| #include <stdio.h>
| #ifdef HAVE_SYS_TYPES_H
| # include <sys/types.h>
| #endif
| #ifdef HAVE_SYS_STAT_H
| # include <sys/stat.h>
| #endif
| #ifdef STDC_HEADERS
| # include <stdlib.h>
| # include <stddef.h>
| #else
| # ifdef HAVE_STDLIB_H
| #  include <stdlib.h>
| # endif
| #endif
| #ifdef HAVE_STRING_H
| # if !defined STDC_HEADERS && defined HAVE_MEMORY_H
| #  include <memory.h>
| # endif
| # include <string.h>
| #endif
| #ifdef HAVE_STRINGS_H
| # include <strings.h>
| #endif
| #ifdef HAVE_INTTYPES_H
| # include <inttypes.h>
| #endif
| #ifdef HAVE_STDINT_H
| # include <stdint.h>
| #endif
| #ifdef HAVE_UNISTD_H
| # include <unistd.h>
| #endif
| int
| main ()
| {
| getpgrp (0);
|   ;
|   return 0;
| }
configure:13553: result: yes
configure:13563: checking for strftime
configure:13563: gcc -o conftest   -O2   conftest.c  >&5
conftest.c:50:6: warning: conflicting types for built-in function 'strftime'
 char strftime ();
      ^
configure:13563: $? = 0
configure:13563: result: yes
configure:13618: checking vfork.h usability
configure:13618: gcc -c   -O2  conftest.c >&5
conftest.c:61:19: fatal error: vfork.h: No such file or directory
compilation terminated.
configure:13618: $? = 1
configure: failed program was:
| /* confdefs.h */
| #define PACKAGE_NAME "libcbio"
| #define PACKAGE_TARNAME "libcbio"
| #define PACKAGE_VERSION "0.0.1"
| #define PACKAGE_STRING "libcbio 0.0.1"
| #define PACKAGE_BUGREPORT "contact@gerbenvoshol.nl"
| #define PACKAGE_URL "http://www.gerbenvoshol.nl/"
| #define PACKAGE "libcbio"
| #define VERSION "0.0.1"
| #define STDC_HEADERS 1
| #define HAVE_SYS_TYPES_H 1
| #define HAVE_SYS_STAT_H 1
| #define HAVE_STDLIB_H 1
| #define HAVE_STRING_H 1
| #define HAVE_MEMORY_H 1
| #define HAVE_STRINGS_H 1
| #define HAVE_INTTYPES_H 1
| #define HAVE_STDINT_H 1
| #define HAVE_UNISTD_H 1
| #define HAVE_DLFCN_H 1
| #define LT_OBJDIR ".libs/"
| #define HAVE_DIRENT_H 1
| #define STDC_HEADERS 1
| #define HAVE_UNISTD_H 1
| #define GETPGRP_VOID 1
| #define HAVE_STRFTIME 1
| /* end confdefs.h.  */
| #include <stdio.h>
| #ifdef HAVE_SYS_TYPES_H
| # include <sys/types.h>
| #endif
| #ifdef HAVE_SYS_STAT_H
| # include <sys/stat.h>
| #endif
| #ifdef STDC_HEADERS
| # include <stdlib.h>
| # include <stddef.h>
| #else
| # ifdef HAVE_STDLIB_H
| #  include <stdlib.h>
| # endif
| #endif
| #ifdef HAVE_STRING_H
| # if !defined STDC_HEADERS && defined HAVE_MEMORY_H
| #  include <memory.h>
| # endif
| # include <string.h>
| #endif
| #ifdef HAVE_STRINGS_H
| # include <strings.h>
| #endif
| #ifdef HAVE_INTTYPES_H
| # include <inttypes.h>
| #endif
| #ifdef HAVE_STDINT_H
| # include <stdint.h>
| #endif
| #ifdef HAVE_UNISTD_H
| # include <unistd.h>
| #endif
| #include <vfork.h>
configure:13618: result: no
configure:13618: checking vfork.h presence
configure:13618: gcc -E  conftest.c
conftest.c:28:19: fatal error: vfork.h: No such file or directory
compilation terminated.
configure:13618: $? = 1
configure: failed program was:
| /* confdefs.h */
| #define PACKAGE_NAME "libcbio"
| #define PACKAGE_TARNAME "libcbio"
| #define PACKAGE_VERSION "0.0.1"
| #define PACKAGE_STRING "libcbio 0.0.1"
| #define PACKAGE_BUGREPORT "contact@gerbenvoshol.nl"
| #define PACKAGE_URL "http://www.gerbenvoshol.nl/"
| #define PACKAGE "libcbio"
| #define VERSION "0.0.1"
| #define STDC_HEADERS 1
| #define HAVE_SYS_TYPES_H 1
| #define HAVE_SYS_STAT_H 1
| #define HAVE_STDLIB_H 1
| #define HAVE_STRING_H 1
| #define HAVE_MEMORY_H 1
| #define HAVE_STRINGS_H 1
| #define HAVE_INTTYPES_H 1
| #define HAVE_STDINT_H 1
| #define HAVE_UNISTD_H 1
| #define HAVE_DLFCN_H 1
| #define LT_OBJDIR ".libs/"
| #define HAVE_DIRENT_H 1
| #define STDC_HEADERS 1
| #define HAVE_UNISTD_H 1
| #define GETPGRP_VOID 1
| #define HAVE_STRFTIME 1
| /* end confdefs.h.  */
| #include <vfork.h>
configure:13618: result: no
configure:13618: checking for vfork.h
configure:13618: result: no
configure:13631: checking for fork
configure:13631: gcc -o conftest   -O2   conftest.c  >&5
conftest.c:51:6: warning: conflicting types for built-in function 'fork'
 char fork ();
      ^
configure:13631: $? = 0
configure:13631: result: yes
configure:13631: checking for vfork
configure:13631: gcc -o conftest   -O2   conftest.c  >&5
configure:13631: $? = 0
configure:13631: result: yes
configure:13641: checking for working fork
configure:13663: gcc -o conftest   -O2   conftest.c  >&5
configure:13663: $? = 0
configure:13663: ./conftest
configure:13663: $? = 0
configure:13673: result: yes
configure:13694: checking for working vfork
configure:13804: result: yes
configure:13831: checking for vprintf
configure:13831: gcc -o conftest   -O2   conftest.c  >&5
conftest.c:55:6: warning: conflicting types for built-in function 'vprintf'
 char vprintf ();
      ^
configure:13831: $? = 0
configure:13831: result: yes
configure:13837: checking for _doprnt
configure:13837: gcc -o conftest   -O2   conftest.c  >&5
/usr/bin/ld: /tmp/cc2z3RPp.o: in function `main':
conftest.c:(.text.startup+0x7): undefined reference to `_doprnt'
collect2: error: ld returned 1 exit status
configure:13837: $? = 1
configure: failed program was:
| /* confdefs.h */
| #define PACKAGE_NAME "libcbio"
| #define PACKAGE_TARNAME "libcbio"
| #define PACKAGE_VERSION "0.0.1"
| #define PACKAGE_STRING "libcbio 0.0.1"
| #define PACKAGE_BUGREPORT "contact@gerbenvoshol.nl"
| #define PACKAGE_URL "http://www.gerbenvoshol.nl/"
| #define PACKAGE "libcbio"
| #define VERSION "0.0.1"
| #define STDC_HEADERS 1
| #define HAVE_SYS_TYPES_H 1
| #define HAVE_SYS_STAT_H 1
| #define HAVE_STDLIB_H 1
| #define HAVE_STRING_H 1
| #define HAVE_MEMORY_H 1
| #define HAVE_STRINGS_H 1
| #define HAVE_INTTYPES_H 1
| #define HAVE_STDINT_H 1
| #define HAVE_UNISTD_H 1
| #define HAVE_DLFCN_H 1
| #define LT_OBJDIR ".libs/"
| #define HAVE_DIRENT_H 1
| #define STDC_HEADERS 1
| #define HAVE_UNISTD_H 1
| #define GETPGRP_VOID 1
| #define HAVE_STRFTIME 1
| #define HAVE_FORK 1
| #define HAVE_VFORK 1
| #define HAVE_WORKING_VFORK 1
| #define HAVE_WORKING_FORK 1
| #define HAVE_VPRINTF 1
| /* end confdefs.h.  */
| /* Define _doprnt to an innocuous variant, in case <limits.h> declares _doprnt.
|    For example, HP-UX 11i <limits.h> declares gettimeofday.  */
| #define _doprnt innocuous__doprnt
| 
| /* System header to define __stub macros and hopefully few prototypes,
|     which can conflict with char _doprnt (); below.
|     Prefer <limits.h> to <assert.h> if __STDC__ is defined, since
|     <limits.h> exists even on freestanding compilers.  */
| 
| #ifdef __STDC__
| # include <limits.h>
| #else
| # include <assert.h>
| #endif
| 
| #undef _doprnt
| 
| /* Override any GCC internal prototype to avoid an error.
|    Use char because int might match the return type of a GCC
|    builtin and then its argument prototype would still apply.  */
| #ifdef __cplusplus
| extern "C"
| #endif
| char _doprnt ();
| /* The GNU C library defines this for functions which it implements
|     to always fail with ENOSYS.  Some functions are actually named
|     something starting with __ and the normal name is an alias.  */
| #if defined __stub__doprnt || defined __stub____doprnt
| choke me
| #endif
| 
| int
| main ()
| {
| return _doprnt ();
|   ;
|   return 0;
| }
configure:13837: result: no
configure:13851: checking for memmove
configure:13851: gcc -o conftest   -O2   conftest.c  >&5
conftest.c:56:6: warning: conflicting types for built-in function 'memmove'
 char memmove ();
      ^
configure:13851: $? = 0
configure:13851: result: yes
configure:13876: checking X11/Xlib.h usability
configure:13876: gcc -c   -O2   conftest.c >&5
configure:13876: $? = 0
configure:13876: result: yes
configure:13876: checking X11/Xlib.h presence
configure:13876: gcc -E  conftest.c
configure:13876: $? = 0
configure:13876: result: yes
configure:13876: checking for X11/Xlib.h
configure:13876: result: yes
configure:13914: checking for socket in -lc
configure:13939: gcc -o conftest   -O2    conftest.c -lc   >&5
configure:13939: $? = 0
configure:13948: result: yes
configure:13956: checking for main in -lm
configure:13975: gcc -o conftest   -O2    conftest.c -lm   >&5
configure:13975: $? = 0
configure:13984: result: yes
configure:14068: checking if docroot is given
configure:14080: result: no
configure:14089: checking if gcc profiling is selected
configure:14102: result: no
configure:14111: checking if gcov coverage is selected
configure:14123: result: no
configure:14132: checking for CBIO pre-indexed databases
configure:14137: result: yes
configure:14157: checking for Java JNI
configure:14172: result: no
configure:14193: checking for Java JNI OS
configure:14219: result: no
configure:14227: checking for authorisation type
configure:14410: result: no
configure:14423: checking for threading type
configure:14501: result: no
configure:14730: checking whether to look for pdf support
configure:14745: result: yes
configure:14774: checking for HPDF_New in -lhpdf
configure:14799: gcc -o conftest   -O2   -I/usr/include  -L/usr/lib conftest.c -lhpdf -L/usr/lib -lm  >&5
/usr/bin/ld: cannot find -lhpdf
collect2: error: ld returned 1 exit status
configure:14799: $? = 1
configure: failed program was:
| /* confdefs.h */
| #define PACKAGE_NAME "libcbio"
| #define PACKAGE_TARNAME "libcbio"
| #define PACKAGE_VERSION "0.0.1"
| #define PACKAGE_STRING "libcbio 0.0.1"
| #define PACKAGE_BUGREPORT "contact@gerbenvoshol.nl"
| #define PACKAGE_URL "http://www.gerbenvoshol.nl/"
| #define PACKAGE "libcbio"
| #define VERSION "0.0.1"
| #define STDC_HEADERS 1
| #define HAVE_SYS_TYPES_H 1
| #define HAVE_SYS_STAT_H 1
| #define HAVE_STDLIB_H 1
| #define HAVE_STRING_H 1
| #define HAVE_MEMORY_H 1
| #define HAVE_STRINGS_H 1
| #define HAVE_INTTYPES_H 1
| #define HAVE_STDINT_H 1
| #define HAVE_UNISTD_H 1
| #define HAVE_DLFCN_H 1
| #define LT_OBJDIR ".libs/"
| #define HAVE_DIRENT_H 1
| #define STDC_HEADERS 1
| #define HAVE_UNISTD_H 1
| #define GETPGRP_VOID 1
| #define HAVE_STRFTIME 1
| #define HAVE_FORK 1
| #define HAVE_VFORK 1
| #define HAVE_WORKING_VFORK 1
| #define HAVE_WORKING_FORK 1
| #define HAVE_VPRINTF 1
| #define HAVE_MEMMOVE 1
| #define PLD_xwin 1
| #define HAVE_LIBM 1
| /* end confdefs.h.  */
| 
| /* Override any GCC internal prototype to avoid an error.
|    Use char because int might match the return type of a GCC
|    builtin and then its argument prototype would still apply.  */
| #ifdef __cplusplus
| extern "C"
| #endif
| char HPDF_New ();
| int
| main ()
| {
| return HPDF_New ();
|   ;
|   return 0;
| }
configure:14808: result: no
configure:14922: checking for pkg-config
configure:14940: found /home/linuxbrew/.linuxbrew/bin/pkg-config
configure:14952: result: /home/linuxbrew/.linuxbrew/bin/pkg-config
configure:14977: checking pkg-config is at least version 0.9.0
configure:14980: result: yes
configure:14989: checking whether to look for axis2c support
configure:15164: result: no
configure:15178: checking if png driver is wanted
configure:15193: result: yes
configure:15278: checking for inflateEnd in -lz
configure:15303: gcc -o conftest   -O2   -I/usr/include  -L/usr/lib conftest.c -lz -L/usr/lib -lz -lm  >&5
configure:15303: $? = 0
configure:15312: result: yes
configure:15326: checking for png_destroy_read_struct in -lpng
configure:15351: gcc -o conftest   -O2   -I/usr/include  -L/usr/lib conftest.c -lpng -L/usr/lib -lz -lm  >&5
configure:15351: $? = 0
configure:15360: result: yes
configure:15377: checking for gdImageCreateFromPng in -lgd
configure:15402: gcc -o conftest   -O2   -I/usr/include  -L/usr/lib conftest.c -lgd -L/usr/lib -lgd -lpng -lz -lm -lm  >&5
configure:15402: $? = 0
configure:15411: result: yes
configure:15519: checking for mysql_config
configure:15550: result: no
configure:15713: checking for pg_config
configure:15744: result: no
configure:15929: checking for large file support
configure:15985: result: yes
configure:16022: checking for purify
configure:16034: result: no
configure:16077: checking for cygwin
configure:16087: result: no
configure:16212: checking for savestats
configure:16225: result: no
configure:16337: checking that generated files are newer than configure
configure:16343: result: done
configure:16427: creating ./config.status

## ---------------------- ##
## Running config.status. ##
## ---------------------- ##

This file was extended by libcbio config.status 0.0.1, which was
generated by GNU Autoconf 2.69.  Invocation command line was

  CONFIG_FILES    = 
  CONFIG_HEADERS  = 
  CONFIG_LINKS    = 
  CONFIG_COMMANDS = 
  $ ./config.status 

on gpvoshol-ThinkPad-P70

config.status:1255: creating Makefile
config.status:1255: creating libcbio/Makefile
config.status:1255: creating doc/Makefile
config.status:1255: creating doc/manuals/Makefile
config.status:1255: creating doc/programs/Makefile
config.status:1255: creating doc/programs/html/Makefile
config.status:1255: creating doc/programs/text/Makefile
config.status:1255: creating doc/tutorials/Makefile
config.status:1255: creating cbio/Makefile
config.status:1255: creating cbio/acd/Makefile
config.status:1255: creating cbio/data/AAINDEX/Makefile
config.status:1255: creating cbio/data/CODONS/Makefile
config.status:1255: creating cbio/data/JASPAR_CNE/Makefile
config.status:1255: creating cbio/data/JASPAR_CORE/Makefile
config.status:1255: creating cbio/data/JASPAR_FAM/Makefile
config.status:1255: creating cbio/data/JASPAR_PBM/Makefile
config.status:1255: creating cbio/data/JASPAR_PBM_HLH/Makefile
config.status:1255: creating cbio/data/JASPAR_PBM_HOMEO/Makefile
config.status:1255: creating cbio/data/JASPAR_PHYLOFACTS/Makefile
config.status:1255: creating cbio/data/JASPAR_POLII/Makefile
config.status:1255: creating cbio/data/JASPAR_SPLICE/Makefile
config.status:1255: creating cbio/data/Makefile
config.status:1255: creating cbio/data/OBO/Makefile
config.status:1255: creating cbio/data/PRINTS/Makefile
config.status:1255: creating cbio/data/PROSITE/Makefile
config.status:1255: creating cbio/data/REBASE/Makefile
config.status:1255: creating cbio/data/TAXONOMY/Makefile
config.status:1255: creating cbio/index/Makefile
config.status:1255: creating test/Makefile
config.status:1255: creating test/data/Makefile
config.status:1255: creating test/embl/Makefile
config.status:1255: creating test/genbank/Makefile
config.status:1255: creating test/pir/Makefile
config.status:1255: creating test/swiss/Makefile
config.status:1255: creating test/swnew/Makefile
config.status:1255: creating test/testdb/Makefile
config.status:1255: creating libcbio/config.h
config.status:1436: libcbio/config.h is unchanged
config.status:1484: executing depfiles commands
config.status:1561: cd libcbio       && sed -e '/# am--include-marker/d' Makefile         | make -f - am--depfiles
make: Nothing to be done for 'am--depfiles'.
config.status:1566: $? = 0
config.status:1561: cd cbio       && sed -e '/# am--include-marker/d' Makefile         | make -f - am--depfiles
config.status:1566: $? = 0
config.status:1484: executing libtool commands

## ---------------- ##
## Cache variables. ##
## ---------------- ##

ac_cv_build=x86_64-pc-linux-gnu
ac_cv_c_bigendian=no
ac_cv_c_compiler_gnu=yes
ac_cv_c_const=yes
ac_cv_c_inline=inline
ac_cv_cxx_compiler_gnu=yes
ac_cv_env_ANT_set=
ac_cv_env_ANT_value=
ac_cv_env_AXIS2C_CFLAGS_set=
ac_cv_env_AXIS2C_CFLAGS_value=
ac_cv_env_AXIS2C_LIBS_set=
ac_cv_env_AXIS2C_LIBS_value=
ac_cv_env_CCC_set=
ac_cv_env_CCC_value=
ac_cv_env_CC_set=
ac_cv_env_CC_value=
ac_cv_env_CFLAGS_set=
ac_cv_env_CFLAGS_value=
ac_cv_env_CPPFLAGS_set=
ac_cv_env_CPPFLAGS_value=
ac_cv_env_CPP_set=
ac_cv_env_CPP_value=
ac_cv_env_CXXCPP_set=
ac_cv_env_CXXCPP_value=
ac_cv_env_CXXFLAGS_set=
ac_cv_env_CXXFLAGS_value=
ac_cv_env_CXX_set=
ac_cv_env_CXX_value=
ac_cv_env_JAR_set=
ac_cv_env_JAR_value=
ac_cv_env_JAVAC_set=
ac_cv_env_JAVAC_value=
ac_cv_env_JAVA_set=
ac_cv_env_JAVA_value=
ac_cv_env_LDFLAGS_set=
ac_cv_env_LDFLAGS_value=
ac_cv_env_LIBS_set=
ac_cv_env_LIBS_value=
ac_cv_env_LT_SYS_LIBRARY_PATH_set=
ac_cv_env_LT_SYS_LIBRARY_PATH_value=
ac_cv_env_PKG_CONFIG_LIBDIR_set=
ac_cv_env_PKG_CONFIG_LIBDIR_value=
ac_cv_env_PKG_CONFIG_PATH_set=
ac_cv_env_PKG_CONFIG_PATH_value=
ac_cv_env_PKG_CONFIG_set=
ac_cv_env_PKG_CONFIG_value=
ac_cv_env_XMKMF_set=
ac_cv_env_XMKMF_value=
ac_cv_env_build_alias_set=
ac_cv_env_build_alias_value=
ac_cv_env_host_alias_set=
ac_cv_env_host_alias_value=
ac_cv_env_target_alias_set=
ac_cv_env_target_alias_value=
ac_cv_func__doprnt=no
ac_cv_func_connect=yes
ac_cv_func_fork=yes
ac_cv_func_fork_works=yes
ac_cv_func_gethostbyname=yes
ac_cv_func_getpgrp_void=yes
ac_cv_func_memmove=yes
ac_cv_func_remove=yes
ac_cv_func_shmat=yes
ac_cv_func_strftime=yes
ac_cv_func_vfork=yes
ac_cv_func_vfork_works=yes
ac_cv_func_vprintf=yes
ac_cv_have_x='have_x=yes	ac_x_includes='\'''\''	ac_x_libraries='\'''\'''
ac_cv_header_TargetConfig_h=no
ac_cv_header_X11_Xlib_h=yes
ac_cv_header_dirent_dirent_h=yes
ac_cv_header_dlfcn_h=yes
ac_cv_header_inttypes_h=yes
ac_cv_header_memory_h=yes
ac_cv_header_stdc=yes
ac_cv_header_stdint_h=yes
ac_cv_header_stdlib_h=yes
ac_cv_header_string_h=yes
ac_cv_header_strings_h=yes
ac_cv_header_sys_stat_h=yes
ac_cv_header_sys_types_h=yes
ac_cv_header_unistd_h=yes
ac_cv_header_vfork_h=no
ac_cv_host=x86_64-pc-linux-gnu
ac_cv_lib_ICE_IceConnectionNumber=yes
ac_cv_lib_c_socket=yes
ac_cv_lib_gd_gdImageCreateFromPng=yes
ac_cv_lib_hpdf_HPDF_New=no
ac_cv_lib_m_main=yes
ac_cv_lib_png_png_destroy_read_struct=yes
ac_cv_lib_z_inflateEnd=yes
ac_cv_objext=o
ac_cv_path_EGREP='/usr/bin/grep -E'
ac_cv_path_FGREP='/usr/bin/grep -F'
ac_cv_path_GREP=/usr/bin/grep
ac_cv_path_MYSQL_CONFIG=no
ac_cv_path_POSTGRESQL_CONFIG=no
ac_cv_path_SED=/usr/bin/sed
ac_cv_path_ac_pt_PKG_CONFIG=/home/linuxbrew/.linuxbrew/bin/pkg-config
ac_cv_path_install='/usr/bin/install -c'
ac_cv_path_lt_DD=/usr/bin/dd
ac_cv_path_mkdir=/usr/bin/mkdir
ac_cv_prog_AWK=gawk
ac_cv_prog_CPP='gcc -E'
ac_cv_prog_CXXCPP='g++ -E'
ac_cv_prog_ac_ct_AR=ar
ac_cv_prog_ac_ct_CC=gcc
ac_cv_prog_ac_ct_CXX=g++
ac_cv_prog_ac_ct_MANIFEST_TOOL=mt
ac_cv_prog_ac_ct_OBJDUMP=objdump
ac_cv_prog_ac_ct_RANLIB=ranlib
ac_cv_prog_ac_ct_STRIP=strip
ac_cv_prog_cc_c89=
ac_cv_prog_cc_g=yes
ac_cv_prog_cxx_g=yes
ac_cv_prog_make_make_set=yes
ac_cv_search_opendir='none required'
ac_cv_struct_tm=time.h
ac_cv_type_pid_t=yes
ac_cv_type_size_t=yes
am_cv_CC_dependencies_compiler_type=gcc3
am_cv_CXX_dependencies_compiler_type=gcc3
am_cv_make_support_nested_variables=yes
am_cv_prog_cc_c_o=yes
lt_cv_ar_at_file=@
lt_cv_archive_cmds_need_lc=no
lt_cv_deplibs_check_method=pass_all
lt_cv_file_magic_cmd='$MAGIC_CMD'
lt_cv_file_magic_test_file=
lt_cv_ld_reload_flag=-r
lt_cv_nm_interface='BSD nm'
lt_cv_objdir=.libs
lt_cv_path_LD=/usr/bin/ld
lt_cv_path_LDCXX='/usr/bin/ld -m elf_x86_64'
lt_cv_path_NM='/usr/bin/nm -B'
lt_cv_path_mainfest_tool=no
lt_cv_prog_compiler_c_o=yes
lt_cv_prog_compiler_c_o_CXX=yes
lt_cv_prog_compiler_pic='-fPIC -DPIC'
lt_cv_prog_compiler_pic_CXX='-fPIC -DPIC'
lt_cv_prog_compiler_pic_works=yes
lt_cv_prog_compiler_pic_works_CXX=yes
lt_cv_prog_compiler_rtti_exceptions=no
lt_cv_prog_compiler_static_works=yes
lt_cv_prog_compiler_static_works_CXX=yes
lt_cv_prog_gnu_ld=yes
lt_cv_prog_gnu_ldcxx=yes
lt_cv_sharedlib_from_linklib_cmd='printf %s\n'
lt_cv_shlibpath_overrides_runpath=yes
lt_cv_sys_global_symbol_pipe='sed -n -e '\''s/^.*[	 ]\([ABCDGIRSTW][ABCDGIRSTW]*\)[	 ][	 ]*\([_A-Za-z][_A-Za-z0-9]*\)$/\1 \2 \2/p'\'' | sed '\''/ __gnu_lto/d'\'''
lt_cv_sys_global_symbol_to_c_name_address='sed -n -e '\''s/^: \(.*\) .*$/  {"\1", (void *) 0},/p'\'' -e '\''s/^[ABCDGIRSTW][ABCDGIRSTW]* .* \(.*\)$/  {"\1", (void *) \&\1},/p'\'''
lt_cv_sys_global_symbol_to_c_name_address_lib_prefix='sed -n -e '\''s/^: \(.*\) .*$/  {"\1", (void *) 0},/p'\'' -e '\''s/^[ABCDGIRSTW][ABCDGIRSTW]* .* \(lib.*\)$/  {"\1", (void *) \&\1},/p'\'' -e '\''s/^[ABCDGIRSTW][ABCDGIRSTW]* .* \(.*\)$/  {"lib\1", (void *) \&\1},/p'\'''
lt_cv_sys_global_symbol_to_cdecl='sed -n -e '\''s/^T .* \(.*\)$/extern int \1();/p'\'' -e '\''s/^[ABCDGIRSTW][ABCDGIRSTW]* .* \(.*\)$/extern char \1;/p'\'''
lt_cv_sys_global_symbol_to_import=
lt_cv_sys_max_cmd_len=1572864
lt_cv_to_host_file_cmd=func_convert_file_noop
lt_cv_to_tool_file_cmd=func_convert_file_noop
lt_cv_truncate_bin='/usr/bin/dd bs=4096 count=1'

## ----------------- ##
## Output variables. ##
## ----------------- ##

ACLOCAL='${SHELL} /home/gpvoshol/Downloads/CBIO-dev/missing aclocal-1.16'
AJAX_FIXED_ROOT='\"/home/gpvoshol/Downloads/CBIO-dev/cbio\"'
AJAX_SYSTEM='\"Linux\"'
AMDEPBACKSLASH='\'
AMDEP_FALSE='#'
AMDEP_TRUE=''
AMPDF_FALSE=''
AMPDF_TRUE='#'
AMPNG_FALSE='#'
AMPNG_TRUE=''
AMTAR='$${TAR-tar}'
AM_BACKSLASH='\'
AM_DEFAULT_V='$(AM_DEFAULT_VERBOSITY)'
AM_DEFAULT_VERBOSITY='1'
AM_V='$(V)'
ANT=''
AR='ar'
AUTOCONF='${SHELL} /home/gpvoshol/Downloads/CBIO-dev/missing autoconf'
AUTOHEADER='${SHELL} /home/gpvoshol/Downloads/CBIO-dev/missing autoheader'
AUTOMAKE='${SHELL} /home/gpvoshol/Downloads/CBIO-dev/missing automake-1.16'
AWK='gawk'
AXIS2C_CFLAGS=''
AXIS2C_CPPFLAGS=''
AXIS2C_LDFLAGS=''
AXIS2C_LIBS=''
CC='gcc'
CCDEPMODE='depmode=gcc3'
CFLAGS='  -O2 '
CPP='gcc -E'
CPPFLAGS=' -DAJ_LinuxLF -D_LARGEFILE_SOURCE -D_LARGEFILE64_SOURCE -D_FILE_OFFSET_BITS=64'
CXX='g++'
CXXCPP='g++ -E'
CXXDEPMODE='depmode=gcc3'
CXXFLAGS='-g -O2'
CYGPATH_W='echo'
DEFS='-DHAVE_CONFIG_H'
DEPDIR='.deps'
DEVWARN_CFLAGS=''
DLLTOOL='false'
DSYMUTIL=''
DUMPBIN=''
ECHO_C=''
ECHO_N='-n'
ECHO_T=''
EGREP='/usr/bin/grep -E'
ESYSTEMLIBS_FALSE=''
ESYSTEMLIBS_TRUE='#'
EXEEXT=''
FGREP='/usr/bin/grep -F'
GREP='/usr/bin/grep'
HAVE_MEMMOVE=''
HAVE_STRERROR=''
INSTALL_DATA='${INSTALL} -m 644'
INSTALL_PROGRAM='${INSTALL}'
INSTALL_SCRIPT='${INSTALL}'
INSTALL_STRIP_PROGRAM='$(install_sh) -c -s'
ISAIXIA64_FALSE=''
ISAIXIA64_TRUE='#'
ISCYGWIN_FALSE=''
ISCYGWIN_TRUE='#'
ISSHARED_FALSE='#'
ISSHARED_TRUE=''
JAR=''
JAVA=''
JAVAC=''
JAVA_BUILD_FALSE=''
JAVA_BUILD_TRUE='#'
JAVA_CFLAGS=''
JAVA_CPPFLAGS=' -DNO_AUTH'
JAVA_LDFLAGS=''
LD='/usr/bin/ld -m elf_x86_64'
LDFLAGS=''
LIBOBJS=''
LIBS='-lm  -lgd -lpng -lz -lm'
LIBTOOL='$(SHELL) $(top_builddir)/libtool'
LIPO=''
LN_S='ln -s'
LTLIBOBJS=''
LT_SYS_LIBRARY_PATH=''
MAKEINFO='${SHELL} /home/gpvoshol/Downloads/CBIO-dev/missing makeinfo'
MANIFEST_TOOL=':'
MKDIR_P='/usr/bin/mkdir -p'
MYSQL_CFLAGS=''
MYSQL_CONFIG='no'
MYSQL_CPPFLAGS=''
MYSQL_LDFLAGS=''
MYSQL_VERSION=''
NEEDAJAX_FALSE=''
NEEDAJAX_TRUE='#'
NM='/usr/bin/nm -B'
NMEDIT=''
OBJDUMP='objdump'
OBJEXT='o'
OTOOL64=''
OTOOL=''
PACKAGE='libcbio'
PACKAGE_BUGREPORT='contact@gerbenvoshol.nl'
PACKAGE_NAME='libcbio'
PACKAGE_STRING='libcbio 0.0.1'
PACKAGE_TARNAME='libcbio'
PACKAGE_URL='http://www.gerbenvoshol.nl/'
PACKAGE_VERSION='0.0.1'
PATH_SEPARATOR=':'
PCRE_DATE='11-Apr-2009'
PCRE_LIB_VERSION='0:1:0'
PCRE_MAJOR='7'
PCRE_MINOR='9'
PCRE_POSIXLIB_VERSION='0:0:0'
PCRE_VERSION='7.9'
PKG_CONFIG='/home/linuxbrew/.linuxbrew/bin/pkg-config'
PKG_CONFIG_LIBDIR=''
PKG_CONFIG_PATH=''
POSIX_MALLOC_THRESHOLD='-DPOSIX_MALLOC_THRESHOLD=10'
POSTGRESQL_CFLAGS=''
POSTGRESQL_CONFIG='no'
POSTGRESQL_CPPFLAGS=''
POSTGRESQL_LDFLAGS=''
POSTGRESQL_VERSION=''
PURIFY_FALSE=''
PURIFY_TRUE='#'
RANLIB='ranlib'
SED='/usr/bin/sed'
SET_MAKE=''
SHELL='/bin/bash'
STRIP='strip'
VERSION='0.0.1'
WARN_CFLAGS=''
XLIB=' -lX11 '
XMKMF=''
X_CFLAGS=''
X_EXTRA_LIBS=''
X_LIBS=''
X_PRE_LIBS=' -lSM -lICE'
ac_ct_AR='ar'
ac_ct_CC='gcc'
ac_ct_CXX='g++'
ac_ct_DUMPBIN=''
am__EXEEXT_FALSE=''
am__EXEEXT_TRUE='#'
am__fastdepCC_FALSE='#'
am__fastdepCC_TRUE=''
am__fastdepCXX_FALSE='#'
am__fastdepCXX_TRUE=''
am__include='include'
am__isrc=''
am__leading_dot='.'
am__nodep='_no'
am__quote=''
am__tar='$${TAR-tar} chof - "$$tardir"'
am__untar='$${TAR-tar} xf -'
bindir='${exec_prefix}/bin'
build='x86_64-pc-linux-gnu'
build_alias=''
build_cpu='x86_64'
build_os='linux-gnu'
build_vendor='pc'
datadir='${datarootdir}'
datarootdir='${prefix}/share'
docdir='${datarootdir}/doc/${PACKAGE_TARNAME}'
dvidir='${docdir}'
emboss_TOP='/home/gpvoshol/Downloads/CBIO-dev'
exec_prefix='${prefix}'
host='x86_64-pc-linux-gnu'
host_alias=''
host_cpu='x86_64'
host_os='linux-gnu'
host_vendor='pc'
htmldir='${docdir}'
includedir='${prefix}/include'
infodir='${datarootdir}/info'
install_sh='${SHELL} /home/gpvoshol/Downloads/CBIO-dev/install-sh'
libdir='${exec_prefix}/lib'
libexecdir='${exec_prefix}/libexec'
localedir='${datarootdir}/locale'
localstatedir='${prefix}/var'
mandir='${datarootdir}/man'
mkdir_p='$(MKDIR_P)'
oldincludedir='/usr/include'
pdfdir='${docdir}'
prefix='/usr/local'
program_transform_name='s,x,x,'
psdir='${docdir}'
runstatedir='${localstatedir}/run'
sbindir='${exec_prefix}/sbin'
sharedstatedir='${prefix}/com'
sysconfdir='${prefix}/etc'
target_alias=''

## ----------- ##
## confdefs.h. ##
## ----------- ##

/* confdefs.h */
#define PACKAGE_NAME "libcbio"
#define PACKAGE_TARNAME "libcbio"
#define PACKAGE_VERSION "0.0.1"
#define PACKAGE_STRING "libcbio 0.0.1"
#define PACKAGE_BUGREPORT "contact@gerbenvoshol.nl"
#define PACKAGE_URL "http://www.gerbenvoshol.nl/"
#define PACKAGE "libcbio"
#define VERSION "0.0.1"
#define STDC_HEADERS 1
#define HAVE_SYS_TYPES_H 1
#define HAVE_SYS_STAT_H 1
#define HAVE_STDLIB_H 1
#define HAVE_STRING_H 1
#define HAVE_MEMORY_H 1
#define HAVE_STRINGS_H 1
#define HAVE_INTTYPES_H 1
#define HAVE_STDINT_H 1
#define HAVE_UNISTD_H 1
#define HAVE_DLFCN_H 1
#define LT_OBJDIR ".libs/"
#define HAVE_DIRENT_H 1
#define STDC_HEADERS 1
#define HAVE_UNISTD_H 1
#define GETPGRP_VOID 1
#define HAVE_STRFTIME 1
#define HAVE_FORK 1
#define HAVE_VFORK 1
#define HAVE_WORKING_VFORK 1
#define HAVE_WORKING_FORK 1
#define HAVE_VPRINTF 1
#define HAVE_MEMMOVE 1
#define PLD_xwin 1
#define HAVE_LIBM 1
#define PLD_png 1

configure: exit 0

## ---------------------- ##
## Running config.status. ##
## ---------------------- ##

This file was extended by libcbio config.status 0.0.1, which was
generated by GNU Autoconf 2.69.  Invocation command line was

  CONFIG_FILES    = 
  CONFIG_HEADERS  = 
  CONFIG_LINKS    = 
  CONFIG_COMMANDS = 
  $ ./config.status cbio/Makefile depfiles

on gpvoshol-ThinkPad-P70

config.status:1255: creating cbio/Makefile
config.status:1484: executing depfiles commands
config.status:1561: cd cbio       && sed -e '/# am--include-marker/d' Makefile         | make -f - am--depfiles
make[1]: Entering directory '/home/gpvoshol/Downloads/CBIO-dev/cbio'
make[1]: Leaving directory '/home/gpvoshol/Downloads/CBIO-dev/cbio'
config.status:1566: $? = 0

## ---------------------- ##
## Running config.status. ##
## ---------------------- ##

This file was extended by libcbio config.status 0.0.1, which was
generated by GNU Autoconf 2.69.  Invocation command line was

  CONFIG_FILES    = 
  CONFIG_HEADERS  = 
  CONFIG_LINKS    = 
  CONFIG_COMMANDS = 
  $ ./config.status cbio/Makefile depfiles

on gpvoshol-ThinkPad-P70

config.status:1255: creating cbio/Makefile
config.status:1484: executing depfiles commands
config.status:1561: cd cbio       && sed -e '/# am--include-marker/d' Makefile         | make -f - am--depfiles
make[2]: Entering directory '/home/gpvoshol/Downloads/CBIO-dev/cbio'
make[2]: Leaving directory '/home/gpvoshol/Downloads/CBIO-dev/cbio'
config.status:1566: $? = 0
